<?xml version="1.0" encoding="UTF-8"?>
<testsuite xmlns:xsi="http://www.w3.org/2001/XMLSchema-instance" xsi:noNamespaceSchemaLocation="https://maven.apache.org/surefire/maven-surefire-plugin/xsd/surefire-test-report-3.0.xsd" version="3.0" name="qa.auto.rest.tests.CrudTest" time="1.343" tests="2" errors="0" skipped="0" failures="1">
  <properties>
    <property name="java.specification.version" value="13"/>
    <property name="sun.cpu.isalist" value="amd64"/>
    <property name="sun.jnu.encoding" value="Cp1252"/>
    <property name="java.class.path" value="F:\RestAssured\AllureJunit4\target\test-classes;F:\RestAssured\AllureJunit4\target\classes;C:\Users\DEEPA KHANNA\.m2\repository\io\qameta\allure\allure-junit4\2.12.1\allure-junit4-2.12.1.jar;C:\Users\DEEPA KHANNA\.m2\repository\io\qameta\allure\allure-java-commons\2.12.1\allure-java-commons-2.12.1.jar;C:\Users\DEEPA KHANNA\.m2\repository\io\qameta\allure\allure-model\2.12.1\allure-model-2.12.1.jar;C:\Users\DEEPA KHANNA\.m2\repository\com\fasterxml\jackson\core\jackson-databind\2.9.8\jackson-databind-2.9.8.jar;C:\Users\DEEPA KHANNA\.m2\repository\com\fasterxml\jackson\core\jackson-annotations\2.9.0\jackson-annotations-2.9.0.jar;C:\Users\DEEPA KHANNA\.m2\repository\com\fasterxml\jackson\core\jackson-core\2.9.8\jackson-core-2.9.8.jar;C:\Users\DEEPA KHANNA\.m2\repository\org\apache\tika\tika-core\1.20\tika-core-1.20.jar;C:\Users\DEEPA KHANNA\.m2\repository\org\jooq\joor-java-8\0.9.10\joor-java-8-0.9.10.jar;C:\Users\DEEPA KHANNA\.m2\repository\junit\junit\4.12\junit-4.12.jar;C:\Users\DEEPA KHANNA\.m2\repository\org\hamcrest\hamcrest-core\1.3\hamcrest-core-1.3.jar;C:\Users\DEEPA KHANNA\.m2\repository\org\slf4j\slf4j-api\1.7.5\slf4j-api-1.7.5.jar;C:\Users\DEEPA KHANNA\.m2\repository\org\slf4j\slf4j-log4j12\1.7.5\slf4j-log4j12-1.7.5.jar;C:\Users\DEEPA KHANNA\.m2\repository\log4j\log4j\1.2.17\log4j-1.2.17.jar;"/>
    <property name="java.vm.vendor" value="Oracle Corporation"/>
    <property name="sun.arch.data.model" value="64"/>
    <property name="user.variant" value=""/>
    <property name="java.vendor.url" value="https://java.oracle.com/"/>
    <property name="user.timezone" value="Asia/Calcutta"/>
    <property name="os.name" value="Windows 10"/>
    <property name="java.vm.specification.version" value="13"/>
    <property name="sun.java.launcher" value="SUN_STANDARD"/>
    <property name="user.country" value="IN"/>
    <property name="sun.boot.library.path" value="C:\Program Files\Java\jdk-13\bin"/>
    <property name="sun.java.command" value="C:\Users\DEEPA KHANNA\AppData\Local\Temp\surefire10752244179449880347\surefirebooter13643451940306951.jar C:\Users\DEEPA KHANNA\AppData\Local\Temp\surefire10752244179449880347 2020-09-09T16-30-34_515-jvmRun1 surefire934369747374048524tmp surefire_013248615261586635158tmp"/>
    <property name="jdk.debug" value="release"/>
    <property name="surefire.test.class.path" value="F:\RestAssured\AllureJunit4\target\test-classes;F:\RestAssured\AllureJunit4\target\classes;C:\Users\DEEPA KHANNA\.m2\repository\io\qameta\allure\allure-junit4\2.12.1\allure-junit4-2.12.1.jar;C:\Users\DEEPA KHANNA\.m2\repository\io\qameta\allure\allure-java-commons\2.12.1\allure-java-commons-2.12.1.jar;C:\Users\DEEPA KHANNA\.m2\repository\io\qameta\allure\allure-model\2.12.1\allure-model-2.12.1.jar;C:\Users\DEEPA KHANNA\.m2\repository\com\fasterxml\jackson\core\jackson-databind\2.9.8\jackson-databind-2.9.8.jar;C:\Users\DEEPA KHANNA\.m2\repository\com\fasterxml\jackson\core\jackson-annotations\2.9.0\jackson-annotations-2.9.0.jar;C:\Users\DEEPA KHANNA\.m2\repository\com\fasterxml\jackson\core\jackson-core\2.9.8\jackson-core-2.9.8.jar;C:\Users\DEEPA KHANNA\.m2\repository\org\apache\tika\tika-core\1.20\tika-core-1.20.jar;C:\Users\DEEPA KHANNA\.m2\repository\org\jooq\joor-java-8\0.9.10\joor-java-8-0.9.10.jar;C:\Users\DEEPA KHANNA\.m2\repository\junit\junit\4.12\junit-4.12.jar;C:\Users\DEEPA KHANNA\.m2\repository\org\hamcrest\hamcrest-core\1.3\hamcrest-core-1.3.jar;C:\Users\DEEPA KHANNA\.m2\repository\org\slf4j\slf4j-api\1.7.5\slf4j-api-1.7.5.jar;C:\Users\DEEPA KHANNA\.m2\repository\org\slf4j\slf4j-log4j12\1.7.5\slf4j-log4j12-1.7.5.jar;C:\Users\DEEPA KHANNA\.m2\repository\log4j\log4j\1.2.17\log4j-1.2.17.jar;"/>
    <property name="sun.cpu.endian" value="little"/>
    <property name="user.home" value="C:\Users\DEEPA KHANNA"/>
    <property name="user.language" value="en"/>
    <property name="java.specification.vendor" value="Oracle Corporation"/>
    <property name="java.version.date" value="2019-09-17"/>
    <property name="java.home" value="C:\Program Files\Java\jdk-13"/>
    <property name="file.separator" value="\"/>
    <property name="basedir" value="F:\RestAssured\AllureJunit4"/>
    <property name="java.vm.compressedOopsMode" value="32-bit"/>
    <property name="line.separator" value="&#10;"/>
    <property name="java.vm.specification.vendor" value="Oracle Corporation"/>
    <property name="java.specification.name" value="Java Platform API Specification"/>
    <property name="surefire.real.class.path" value="C:\Users\DEEPA KHANNA\AppData\Local\Temp\surefire10752244179449880347\surefirebooter13643451940306951.jar"/>
    <property name="user.script" value=""/>
    <property name="sun.management.compiler" value="HotSpot 64-Bit Tiered Compilers"/>
    <property name="java.runtime.version" value="13+33"/>
    <property name="user.name" value="DEEPA KHANNA"/>
    <property name="path.separator" value=";"/>
    <property name="os.version" value="10.0"/>
    <property name="java.runtime.name" value="Java(TM) SE Runtime Environment"/>
    <property name="file.encoding" value="Cp1252"/>
    <property name="java.vm.name" value="Java HotSpot(TM) 64-Bit Server VM"/>
    <property name="localRepository" value="C:\Users\DEEPA KHANNA\.m2\repository"/>
    <property name="java.vendor.url.bug" value="https://bugreport.java.com/bugreport/"/>
    <property name="java.io.tmpdir" value="C:\Users\DEEPAK~1\AppData\Local\Temp\"/>
    <property name="java.version" value="13"/>
    <property name="user.dir" value="F:\RestAssured\AllureJunit4"/>
    <property name="os.arch" value="amd64"/>
    <property name="java.vm.specification.name" value="Java Virtual Machine Specification"/>
    <property name="sun.os.patch.level" value=""/>
    <property name="java.library.path" value="C:\Program Files\Java\jdk-13\bin;C:\WINDOWS\Sun\Java\bin;C:\WINDOWS\system32;C:\WINDOWS;C:/Program Files/Java/jre1.8.0_231/bin/server;C:/Program Files/Java/jre1.8.0_231/bin;C:/Program Files/Java/jre1.8.0_231/lib/amd64;C:\Program Files (x86)\Common Files\Oracle\Java\javapath;C:\Program Files (x86)\Intel\iCLS Client\;C:\Program Files\Intel\iCLS Client\;C:\WINDOWS\system32;C:\WINDOWS;C:\WINDOWS\System32\Wbem;C:\WINDOWS\System32\WindowsPowerShell\v1.0\;C:\Program Files (x86)\Intel\OpenCL SDK\2.0\bin\x86;C:\Program Files (x86)\Intel\OpenCL SDK\2.0\bin\x64;C:\Program Files\Intel\Intel(R) Management Engine Components\DAL;C:\Program Files\Intel\Intel(R) Management Engine Components\IPT;C:\Program Files (x86)\Intel\Intel(R) Management Engine Components\DAL;C:\Program Files (x86)\Intel\Intel(R) Management Engine Components\IPT;\;C:\Program Files (x86)\Sony\VAIO Startup Setting Tool;C:\Program Files (x86)\Common Files\Apple\Internet Services\;C:\WINDOWS\System32\OpenSSH\;C:\Program Files\Java\jre1.8.0_221\bin;C:\Program Files\Java\jdk-13\bin;C:\Program Files\Git\cmd;C:\Users\DEEPA KHANNA\Desktop\DB setup and jar\New folder (2);C:\Program Files\apache-maven-3.6.2\bin;C:\Program Files\nodejs\;C:\Users\DEEPA KHANNA\AppData\Roaming\npm;F:\allure setup\allure-2.13.5\bin;C:\Users\DEEPA KHANNA\AppData\Local\Microsoft\WindowsApps;C:\Users\DEEPA KHANNA\AppData\Local\Programs\Microsoft VS Code\bin;C:\Users\DEEPA KHANNA\AppData\Roaming\npm;;F:\New folder\eclipse\eclipse;;."/>
    <property name="java.vm.info" value="mixed mode, sharing"/>
    <property name="java.vendor" value="Oracle Corporation"/>
    <property name="java.vm.version" value="13+33"/>
    <property name="sun.io.unicode.encoding" value="UnicodeLittle"/>
    <property name="java.class.version" value="57.0"/>
  </properties>
  <testcase name="getAllEmployee" classname="qa.auto.rest.tests.CrudTest" time="0.825">
    <failure type="java.lang.AssertionError"><![CDATA[java.lang.AssertionError
	at qa.auto.rest.tests.CrudTest.getAllEmployee(CrudTest.java:14)
]]></failure>
  </testcase>
  <testcase name="getAllEmployee1" classname="qa.auto.rest.tests.CrudTest" time="0.005"/>
</testsuite>